<?xml version="1.0" encoding="UTF-8"?>
<!-- Generated by org.testng.reporters.JUnitXMLReporter -->
<testsuite ignored="0" hostname="DESKTOP-2GAOE5D" failures="1" tests="3" name="Surefire test" time="17.223" errors="0" timestamp="2026-08-19T20:07:39 IST">
  <testcase classname="io.cucumber.testng.AbstractTestNGCucumberTests" name="runScenario" time="15.642"/>
  <testcase classname="io.cucumber.testng.AbstractTestNGCucumberTests" name="runScenario" time="15.647">
    <failure type="java.lang.AssertionError" message="expected [Epic sadface: Username and password ###do not match any user in this service] but found [Epic sadface: Username and password do not match any user in this service]">
      <![CDATA[java.lang.AssertionError: expected [Epic sadface: Username and password ###do not match any user in this service] but found [Epic sadface: Username and password do not match any user in this service]
at stepDefinitions.SucessOrderMsgTest.user_verifies_the_login_error_message(SucessOrderMsgTest.java:36)
at ✽.user verifies the login error message(file:///D:/StudyTech/EclipseWorkspase/ACucumberWeb26/src/test/java/features/Order.feature:23)
... Removed 6 stack frames]]>
    </failure>
  </testcase> <!-- runScenario -->
  <testcase classname="io.cucumber.testng.AbstractTestNGCucumberTests" name="runScenario" time="15.65"/>
</testsuite> <!-- Surefire test -->
