<?xml version="1.0" encoding="UTF-8"?>
<testsuite xmlns:xsi="http://www.w3.org/2001/XMLSchema-instance" xsi:noNamespaceSchemaLocation="https://maven.apache.org/surefire/maven-surefire-plugin/xsd/surefire-test-report.xsd" version="3.0.2" name="TestSuite" time="17.797" tests="3" errors="0" skipped="0" failures="1">
  <properties>
[...]
</properties>
  <testcase name="runScenario[&quot;Add product to cart and verify successful message&quot;, &quot;To validate single product order and checkout&quot;](1)" classname="cucumber.Options.TestRunner" time="15.644">
    <system-out><![CDATA[
@smoke @regression
Scenario Outline: Add product to cart and verify successful message               # src/test/java/features/Order.feature:16

@smoke
Scenario: Verify login failure with invalid credentials                              # src/test/java/features/Order.feature:20

@smoke @regression
Scenario Outline: Add product to cart and verify successful message             # src/test/java/features/Order.feature:17
  ✔ Given user enters "visual_user" and "secret_sauce" to login the application # stepDefinitions.SwagAppTest.user_enters_and_to_login_the_application(java.lang.String,java.lang.String)
  ✔ Given user enters "invalid_user" and "invalid_password" to login the application # stepDefinitions.SwagAppTest.user_enters_and_to_login_the_application(java.lang.String,java.lang.String)
  ✘ Then user verifies the login error message                                       # stepDefinitions.SucessOrderMsgTest.user_verifies_the_login_error_message()
        java.lang.AssertionError: expected [Epic sadface: Username and password ###do not match any user in this service] but found [Epic sadface: Username and password do not match any user in this service]
        	at org.testng.Assert.fail(Assert.java:111)
        	at org.testng.Assert.failNotEquals(Assert.java:1590)
        	at org.testng.Assert.assertEqualsImpl(Assert.java:150)
        	at org.testng.Assert.assertEquals(Assert.java:132)
        	at org.testng.Assert.assertEquals(Assert.java:656)
        	at org.testng.Assert.assertEquals(Assert.java:666)
        	at stepDefinitions.SucessOrderMsgTest.user_verifies_the_login_error_message(SucessOrderMsgTest.java:36)
        	at ✽.user verifies the login error message(file:///D:/StudyTech/EclipseWorkspase/ACucumberWeb26/src/test/java/features/Order.feature:23)

        Embedding testImage [image/png 41400 bytes]

  ✔ Given user enters "standard_user" and "secret_sauce" to login the application # stepDefinitions.SwagAppTest.user_enters_and_to_login_the_application(java.lang.String,java.lang.String)
[[ChromeDriver: chrome on windows (a2667dedcf454af2eac6e1f5d96d72e9)] -> xpath: //div[@class='inventory_list']/child::div] Added sucessfully..
  ✔ And user adds product to cart and clicks on cart icon                       # stepDefinitions.SwagAppTest.user_adds_product_to_cart_and_clicks_on_cart_icon()
Current URL = https://www.saucedemo.com/cart.html
Page Title = Swag Labs
  ✔ When user lands on cart page to checkout                                    # stepDefinitions.SwagAppTest.user_lands_on_cart_page_to_checkout()
Current URL = https://www.saucedemo.com/checkout-step-one.html
[[ChromeDriver: chrome on windows (0fc2d282aee307fabd144ea0c6977ba4)] -> xpath: //div[@class='inventory_list']/child::div] Added sucessfully..
  ✔ And user adds product to cart and clicks on cart icon                         # stepDefinitions.SwagAppTest.user_adds_product_to_cart_and_clicks_on_cart_icon()
Current URL = https://www.saucedemo.com/cart.html
Page Title = Swag Labs
  ✔ When user lands on cart page to checkout                                      # stepDefinitions.SwagAppTest.user_lands_on_cart_page_to_checkout()
Current URL = https://www.saucedemo.com/checkout-step-one.html
Ashutosh
Singh
110044
Before Click : https://www.saucedemo.com/checkout-step-one.html
After Click : https://www.saucedemo.com/checkout-step-two.html
Current URL = https://www.saucedemo.com/checkout-step-two.html
Ashutosh
Singh
110044
Item total: $15.99
Before Click : https://www.saucedemo.com/checkout-step-one.html
Tax: $1.28
Total: $17.27
After Click : https://www.saucedemo.com/checkout-step-two.html
Current URL = https://www.saucedemo.com/checkout-step-two.html
  ✔ And user enters the checkout details and clicks on continue                 # stepDefinitions.SwagAppTest.user_enters_the_checkout_details_and_clicks_on_continue()
Swag Labs
  ✔ Then user verifies the successful message and logs out the application.     # stepDefinitions.SucessOrderMsgTest.user_verifies_the_successful_message_and_logs_out_the_application()
Item total: $15.99
Tax: $1.28
Total: $17.27
  ✔ And user enters the checkout details and clicks on continue                   # stepDefinitions.SwagAppTest.user_enters_the_checkout_details_and_clicks_on_continue()
Swag Labs
  ✔ Then user verifies the successful message and logs out the application.       # stepDefinitions.SucessOrderMsgTest.user_verifies_the_successful_message_and_logs_out_the_application()
]]></system-out>
    <system-err><![CDATA[Aug 19, 2026 8:07:31 PM org.openqa.selenium.devtools.CdpVersionFinder findNearestMatch
WARNING: Unable to find an exact match for CDP version 151, returning the closest version; found: 150; Please update to a Selenium version that supports CDP version 151
Aug 19, 2026 8:07:31 PM org.openqa.selenium.devtools.CdpVersionFinder findNearestMatch
WARNING: Unable to find an exact match for CDP version 151, returning the closest version; found: 150; Please update to a Selenium version that supports CDP version 151
Aug 19, 2026 8:07:31 PM org.openqa.selenium.devtools.CdpVersionFinder findNearestMatch
WARNING: Unable to find an exact match for CDP version 151, returning the closest version; found: 150; Please update to a Selenium version that supports CDP version 151
]]></system-err>
  </testcase>
  <testcase name="runScenario[&quot;Verify login failure with invalid credentials&quot;, &quot;To validate single product order and checkout&quot;](2)" classname="cucumber.Options.TestRunner" time="15.647">
    <failure message="expected [Epic sadface: Username and password ###do not match any user in this service] but found [Epic sadface: Username and password do not match any user in this service]" type="java.lang.AssertionError"><![CDATA[java.lang.AssertionError: expected [Epic sadface: Username and password ###do not match any user in this service] but found [Epic sadface: Username and password do not match any user in this service]
	at org.testng.Assert.fail(Assert.java:111)
	at org.testng.Assert.failNotEquals(Assert.java:1590)
	at org.testng.Assert.assertEqualsImpl(Assert.java:150)
	at org.testng.Assert.assertEquals(Assert.java:132)
	at org.testng.Assert.assertEquals(Assert.java:656)
	at org.testng.Assert.assertEquals(Assert.java:666)
	at stepDefinitions.SucessOrderMsgTest.user_verifies_the_login_error_message(SucessOrderMsgTest.java:36)
	at ✽.user verifies the login error message(file:///D:/StudyTech/EclipseWorkspase/ACucumberWeb26/src/test/java/features/Order.feature:23)
]]></failure>
  </testcase>
  <testcase name="runScenario[&quot;Add product to cart and verify successful message&quot;, &quot;To validate single product order and checkout&quot;](3)" classname="cucumber.Options.TestRunner" time="15.647"/>
</testsuite>