<?xml version="1.0" encoding="UTF-8"?>
<testng-results ignored="0" total="3" passed="2" failed="1" skipped="0">
  <reporter-output>
  </reporter-output>
  <suite started-at="2026-08-19T16:26:12 IST" name="Default suite" finished-at="2026-08-19T16:26:22 IST" duration-ms="9553">
    <groups>
      <group name="cucumber">
        <method signature="AbstractTestNGCucumberTests.runScenario(io.cucumber.testng.PickleWrapper,io.cucumber.testng.FeatureWrapper)[pri:0, instance:cucumber.Options.TestRunner@3c0be339]" name="runScenario" class="io.cucumber.testng.AbstractTestNGCucumberTests"/>
      </group> <!-- cucumber -->
    </groups>
    <test started-at="2026-08-19T16:26:12 IST" name="Default test" finished-at="2026-08-19T16:26:22 IST" duration-ms="9553">
      <class name="cucumber.Options.TestRunner">
        <test-method is-config="true" signature="setUpClass(org.testng.ITestContext)[pri:0, instance:cucumber.Options.TestRunner@3c0be339]" started-at="2026-08-19T16:26:12 IST" name="setUpClass" finished-at="2026-08-19T16:26:13 IST" duration-ms="794" status="PASS">
          <params>
            <param index="0">
              <value>
                <![CDATA[org.testng.TestRunner@5c20aab9]]>
              </value>
            </param>
          </params>
          <reporter-output>
          </reporter-output>
        </test-method> <!-- setUpClass -->
        <test-method signature="runScenario(io.cucumber.testng.PickleWrapper,io.cucumber.testng.FeatureWrapper)[pri:0, instance:cucumber.Options.TestRunner@3c0be339]" started-at="2026-08-19T16:26:13 IST" name="runScenario" description="Runs Cucumber Scenarios" data-provider="scenarios" finished-at="2026-08-19T16:26:21 IST" duration-ms="8137" status="PASS">
          <params>
            <param index="0">
              <value>
                <![CDATA["Add product to cart and verify successful message"]]>
              </value>
            </param>
            <param index="1">
              <value>
                <![CDATA["To validate single product order and checkout"]]>
              </value>
            </param>
          </params>
          <reporter-output>
          </reporter-output>
        </test-method> <!-- runScenario -->
        <test-method signature="runScenario(io.cucumber.testng.PickleWrapper,io.cucumber.testng.FeatureWrapper)[pri:0, instance:cucumber.Options.TestRunner@3c0be339]" started-at="2026-08-19T16:26:13 IST" name="runScenario" description="Runs Cucumber Scenarios" data-provider="scenarios" finished-at="2026-08-19T16:26:21 IST" duration-ms="8169" status="PASS">
          <params>
            <param index="0">
              <value>
                <![CDATA["Add product to cart and verify successful message"]]>
              </value>
            </param>
            <param index="1">
              <value>
                <![CDATA["To validate single product order and checkout"]]>
              </value>
            </param>
          </params>
          <reporter-output>
          </reporter-output>
        </test-method> <!-- runScenario -->
        <test-method signature="runScenario(io.cucumber.testng.PickleWrapper,io.cucumber.testng.FeatureWrapper)[pri:0, instance:cucumber.Options.TestRunner@3c0be339]" started-at="2026-08-19T16:26:13 IST" name="runScenario" description="Runs Cucumber Scenarios" data-provider="scenarios" finished-at="2026-08-19T16:26:21 IST" duration-ms="8039" status="FAIL">
          <params>
            <param index="0">
              <value>
                <![CDATA["Verify login failure with invalid credentials"]]>
              </value>
            </param>
            <param index="1">
              <value>
                <![CDATA["To validate single product order and checkout"]]>
              </value>
            </param>
          </params>
          <exception class="java.lang.AssertionError">
            <message>
              <![CDATA[expected [Epic sadface: Username and password ###do not match any user in this service] but found [Epic sadface: Username and password do not match any user in this service]]]>
            </message>
            <full-stacktrace>
              <![CDATA[java.lang.AssertionError: expected [Epic sadface: Username and password ###do not match any user in this service] but found [Epic sadface: Username and password do not match any user in this service]
at org.testng.Assert.fail(Assert.java:111)
at org.testng.Assert.failNotEquals(Assert.java:1590)
at org.testng.Assert.assertEqualsImpl(Assert.java:150)
at org.testng.Assert.assertEquals(Assert.java:132)
at org.testng.Assert.assertEquals(Assert.java:656)
at org.testng.Assert.assertEquals(Assert.java:666)
at stepDefinitions.SucessOrderMsgTest.user_verifies_the_login_error_message(SucessOrderMsgTest.java:36)
at ✽.user verifies the login error message(file:///D:/StudyTech/EclipseWorkspase/ACucumberWeb26/src/test/java/features/Order.feature:21)
]]>
            </full-stacktrace>
          </exception> <!-- java.lang.AssertionError -->
          <reporter-output>
          </reporter-output>
        </test-method> <!-- runScenario -->
        <test-method is-config="true" signature="tearDownClass()[pri:0, instance:cucumber.Options.TestRunner@3c0be339]" started-at="2026-08-19T16:26:21 IST" name="tearDownClass" finished-at="2026-08-19T16:26:22 IST" duration-ms="551" status="PASS">
          <reporter-output>
          </reporter-output>
        </test-method> <!-- tearDownClass -->
      </class> <!-- cucumber.Options.TestRunner -->
    </test> <!-- Default test -->
  </suite> <!-- Default suite -->
</testng-results>
