<?xml version="1.0" encoding="UTF-8"?>
<!-- Generated by org.testng.reporters.JUnitReportReporter -->
<testsuite hostname="DESKTOP-2GAOE5D" failures="1" tests="3" name="cucumber.Options.TestRunner" time="24.345" errors="0" timestamp="2026-08-19T16:26:22 IST" skipped="0">
  <testcase classname="cucumber.Options.TestRunner" name="runScenario" time="8.137"/>
  <testcase classname="cucumber.Options.TestRunner" name="runScenario" time="8.169"/>
  <testcase classname="cucumber.Options.TestRunner" name="runScenario" time="8.039">
    <failure message="expected [Epic sadface: Username and password ###do not match any user in this service] but found [Epic sadface: Username and password do not match any user in this service]" type="java.lang.AssertionError">
      <![CDATA[java.lang.AssertionError: expected [Epic sadface: Username and password ###do not match any user in this service] but found [Epic sadface: Username and password do not match any user in this service]
at org.testng.Assert.fail(Assert.java:111)
at org.testng.Assert.failNotEquals(Assert.java:1590)
at org.testng.Assert.assertEqualsImpl(Assert.java:150)
at org.testng.Assert.assertEquals(Assert.java:132)
at org.testng.Assert.assertEquals(Assert.java:656)
at org.testng.Assert.assertEquals(Assert.java:666)
at stepDefinitions.SucessOrderMsgTest.user_verifies_the_login_error_message(SucessOrderMsgTest.java:36)
at ✽.user verifies the login error message(file:///D:/StudyTech/EclipseWorkspase/ACucumberWeb26/src/test/java/features/Order.feature:21)
]]>
    </failure>
  </testcase> <!-- runScenario -->
</testsuite> <!-- cucumber.Options.TestRunner -->
